GROUP,PACKAGE,CLASS,INSTRUCTION_MISSED,INSTRUCTION_COVERED,BRANCH_MISSED,BRANCH_COVERED,LINE_MISSED,LINE_COVERED,COMPLEXITY_MISSED,COMPLEXITY_COVERED,METHOD_MISSED,METHOD_COVERED
io.github.ddolib-cetic-ucl:ddolib,org.ddolib.modeling,InvalidSolutionException,4,0,0,0,2,0,1,0,1,0
io.github.ddolib-cetic-ucl:ddolib,org.ddolib.solving.ddo.core.cache,SimpleCache.Layer,22,94,0,6,5,21,2,7,2,4
io.github.ddolib-cetic-ucl:ddolib,org.ddolib.solving.ddo.core.cache,Cache,10,24,5,3,0,6,3,2,0,1
io.github.ddolib-cetic-ucl:ddolib,org.ddolib.solving.ddo.core.cache,SimpleCache,69,93,6,8,15,19,6,10,3,6
io.github.ddolib-cetic-ucl:ddolib,org.ddolib.solving.ddo.core.cache,Threshold,9,41,0,2,2,13,2,7,2,6
io.github.ddolib-cetic-ucl:ddolib,org.ddolib.solving.ddo.core.compilation,CompilationType,0,21,0,0,0,4,0,1,0,1
io.github.ddolib-cetic-ucl:ddolib,org.ddolib.examples.layered.knapsack,KSRelax,0,23,0,2,0,8,0,4,0,3
io.github.ddolib-cetic-ucl:ddolib,org.ddolib.examples.layered.knapsack,KSProblem,45,380,4,16,5,81,4,20,0,14
io.github.ddolib-cetic-ucl:ddolib,org.ddolib.examples.layered.knapsack,KSFastLowerBound,0,116,0,8,0,22,0,6,0,2
io.github.ddolib-cetic-ucl:ddolib,org.ddolib.examples.layered.knapsack,KSFastLowerBound.new Comparator() {...},0,18,0,0,0,2,0,2,0,2
io.github.ddolib-cetic-ucl:ddolib,org.ddolib.examples.layered.knapsack,KSDdoMainWithCluster,50,0,2,0,10,0,4,0,3,0
io.github.ddolib-cetic-ucl:ddolib,org.ddolib.examples.layered.knapsack,KSAlgo,103,0,6,0,15,0,6,0,3,0
io.github.ddolib-cetic-ucl:ddolib,org.ddolib.examples.layered.knapsack,KSDominance,0,15,0,2,0,3,0,4,0,3
io.github.ddolib-cetic-ucl:ddolib,org.ddolib.examples.layered.knapsack,KSRanking,0,9,0,0,0,2,0,2,0,2
io.github.ddolib-cetic-ucl:ddolib,org.ddolib.examples.layered.knapsack,KSDistance,9,19,0,0,1,4,1,2,1,2
io.github.ddolib-cetic-ucl:ddolib,org.ddolib.examples.layered.knapsack,KSDdoMainWithCluster.new DdoModel() {...},67,0,0,0,12,0,12,0,12,0
io.github.ddolib-cetic-ucl:ddolib,org.ddolib.examples.layered.lcs,LCSDp,0,151,0,10,0,22,0,8,0,3
io.github.ddolib-cetic-ucl:ddolib,org.ddolib.examples.layered.lcs,LCSProblem,141,586,5,39,23,101,6,46,2,28
io.github.ddolib-cetic-ucl:ddolib,org.ddolib.examples.layered.lcs,LCSFastLowerBound,0,86,0,6,0,13,0,5,0,2
io.github.ddolib-cetic-ucl:ddolib,org.ddolib.examples.layered.lcs,LCSRanking,2,34,0,2,1,7,1,3,1,2
io.github.ddolib-cetic-ucl:ddolib,org.ddolib.examples.layered.lcs,LCSState,2,26,1,1,1,7,1,4,0,4
io.github.ddolib-cetic-ucl:ddolib,org.ddolib.examples.layered.lcs,LCSRelax,0,50,0,4,0,11,0,5,0,3
io.github.ddolib-cetic-ucl:ddolib,org.ddolib.examples.layered.smic,SMICDominance,0,18,0,2,0,3,0,4,0,3
io.github.ddolib-cetic-ucl:ddolib,org.ddolib.examples.layered.smic,SMICProblem,102,352,4,24,21,65,5,20,1,10
io.github.ddolib-cetic-ucl:ddolib,org.ddolib.examples.layered.smic,SMICGenrator,341,0,40,0,57,0,22,0,2,0
io.github.ddolib-cetic-ucl:ddolib,org.ddolib.examples.layered.smic,SMICDominanceKey,5,6,0,0,1,1,1,1,1,1
io.github.ddolib-cetic-ucl:ddolib,org.ddolib.examples.layered.smic,SMICRanking,0,9,0,0,0,2,0,2,0,2
io.github.ddolib-cetic-ucl:ddolib,org.ddolib.examples.layered.smic,SMICState,0,26,0,0,0,2,0,2,0,2
io.github.ddolib-cetic-ucl:ddolib,org.ddolib.examples.layered.smic,SMICRelax,0,53,0,2,0,16,0,4,0,3
io.github.ddolib-cetic-ucl:ddolib,org.ddolib.examples.layered.smic,SMICFastLowerBound,0,58,1,5,0,12,1,4,0,2
io.github.ddolib-cetic-ucl:ddolib,org.ddolib.common.solver.stat,SearchStatus,0,27,0,0,0,5,0,1,0,1
io.github.ddolib-cetic-ucl:ddolib,org.ddolib.common.solver.stat,DdoStats,3,144,0,2,1,38,1,16,1,15
io.github.ddolib-cetic-ucl:ddolib,org.ddolib.common.solver.stat,AstarStats,0,96,0,2,0,22,0,12,0,11
io.github.ddolib-cetic-ucl:ddolib,org.ddolib.common.solver.stat,SearchStatistics,149,236,6,8,23,67,5,23,2,19
io.github.ddolib-cetic-ucl:ddolib,org.ddolib.examples.layered.talentscheduling,TSFastLowerBound,0,206,0,14,0,30,0,9,0,2
io.github.ddolib-cetic-ucl:ddolib,org.ddolib.examples.layered.talentscheduling,TSState,0,35,0,0,0,2,0,2,0,2
io.github.ddolib-cetic-ucl:ddolib,org.ddolib.examples.layered.talentscheduling,TSRelax,0,63,0,2,0,15,0,4,0,3
io.github.ddolib-cetic-ucl:ddolib,org.ddolib.examples.layered.talentscheduling,TSDistance,12,0,0,0,4,0,2,0,2,0
io.github.ddolib-cetic-ucl:ddolib,org.ddolib.examples.layered.talentscheduling,TSFastLowerBound.RatioAndActor,6,25,0,2,1,8,1,3,1,2
io.github.ddolib-cetic-ucl:ddolib,org.ddolib.examples.layered.talentscheduling,TSRanking,0,23,0,0,0,4,0,2,0,2
io.github.ddolib-cetic-ucl:ddolib,org.ddolib.examples.layered.talentscheduling,TSProblem,157,570,7,59,22,113,7,40,2,12
io.github.ddolib-cetic-ucl:ddolib,org.ddolib.solving.acs.core.solver.nolayer,AcsSolver,89,629,13,55,15,110,12,35,2,11
io.github.ddolib-cetic-ucl:ddolib,org.ddolib.common.solver.stopcriterion,StopCriterion,0,101,0,16,0,8,0,24,0,16
io.github.ddolib-cetic-ucl:ddolib,org.ddolib.common.solver.stopcriterion,DdoStopCriterion,0,52,0,8,0,6,0,11,0,7
io.github.ddolib-cetic-ucl:ddolib,org.ddolib.common.solver.stopcriterion,AstarStopCriterion,0,27,0,4,0,4,0,5,0,3
io.github.ddolib-cetic-ucl:ddolib,org.ddolib.solving.acs.core.solver.layered,AcsSolver,11,860,3,65,2,151,3,47,0,16
io.github.ddolib-cetic-ucl:ddolib,org.ddolib.solving.acs.core.solver.layered,AcsSolver.new AcsModel() {...},0,22,0,0,0,5,0,5,0,5
io.github.ddolib-cetic-ucl:ddolib,org.ddolib.examples.layered.misp,MispFastLowerBound,0,21,0,0,0,4,0,3,0,3
io.github.ddolib-cetic-ucl:ddolib,org.ddolib.examples.layered.misp,MispRanking,0,9,0,0,0,2,0,2,0,2
io.github.ddolib-cetic-ucl:ddolib,org.ddolib.examples.layered.misp,MispDominance,0,15,0,0,0,3,0,3,0,3
io.github.ddolib-cetic-ucl:ddolib,org.ddolib.examples.layered.misp,MispRelax,0,28,0,2,0,10,0,4,0,3
io.github.ddolib-cetic-ucl:ddolib,org.ddolib.examples.layered.misp,MispProblem,148,345,9,29,18,69,8,25,1,13
io.github.ddolib-cetic-ucl:ddolib,org.ddolib.examples.nolayer.tsp,TSPDdoModel,4,0,0,0,2,0,1,0,1,0
io.github.ddolib-cetic-ucl:ddolib,org.ddolib.examples.nolayer.tsp,TSPState,36,50,3,7,6,9,4,6,2,3
io.github.ddolib-cetic-ucl:ddolib,org.ddolib.examples.nolayer.tsp,TSPNoLayerDominanceChecker,25,89,11,7,3,14,8,6,0,5
io.github.ddolib-cetic-ucl:ddolib,org.ddolib.examples.nolayer.tsp,TSPProblem,45,288,6,20,8,59,6,22,0,15
io.github.ddolib-cetic-ucl:ddolib,org.ddolib.examples.nolayer.tsp,TSPModel,0,96,0,12,0,20,0,10,0,4
io.github.ddolib-cetic-ucl:ddolib,org.ddolib.examples.nolayer.tsp,TSPNoLayerDominanceChecker.Entry,0,16,0,0,0,5,0,1,0,1
io.github.ddolib-cetic-ucl:ddolib,org.ddolib.solving.ddo.core.heuristics.width,FixedWidth,0,9,0,0,0,4,0,2,0,2
io.github.ddolib-cetic-ucl:ddolib,org.ddolib.examples.layered.pdptw,TimeWindow,5,16,0,0,1,2,1,2,1,2
io.github.ddolib-cetic-ucl:ddolib,org.ddolib.examples.layered.pdptw,GenData,51,0,4,0,8,0,4,0,2,0
io.github.ddolib-cetic-ucl:ddolib,org.ddolib.examples.layered.pdptw,PDPTWState,16,173,6,10,2,28,6,9,0,7
io.github.ddolib-cetic-ucl:ddolib,org.ddolib.examples.layered.pdptw,PDPTWFastLowerBound,0,270,0,18,0,42,0,12,0,3
io.github.ddolib-cetic-ucl:ddolib,org.ddolib.examples.layered.pdptw,PDPTWSolution,180,0,8,0,32,0,6,0,2,0
io.github.ddolib-cetic-ucl:ddolib,org.ddolib.examples.layered.pdptw,PDPTWDominance,1,26,1,1,0,3,1,3,0,3
io.github.ddolib-cetic-ucl:ddolib,org.ddolib.examples.layered.pdptw,PDPTWProblem,298,1034,28,72,50,181,25,53,3,25
io.github.ddolib-cetic-ucl:ddolib,org.ddolib.examples.layered.pdptw,PDPTWRelax,82,6,2,0,19,3,3,1,2,1
io.github.ddolib-cetic-ucl:ddolib,org.ddolib.examples.layered.pdptw,PDPTWRanking,2,3,0,0,1,1,1,1,1,1
io.github.ddolib-cetic-ucl:ddolib,org.ddolib.examples.layered.pdptw,PDPTWDominanceKey,0,18,0,0,0,1,0,1,0,1
io.github.ddolib-cetic-ucl:ddolib,org.ddolib.common.solver,Solution,12,80,0,10,2,19,2,9,2,4
io.github.ddolib-cetic-ucl:ddolib,org.ddolib.common.solver,Solver,0,50,0,8,0,10,0,5,0,1
io.github.ddolib-cetic-ucl:ddolib,org.ddolib.solving.ddo.core.solver.nolayer,DdoSolver,9,443,8,38,2,86,8,26,0,11
io.github.ddolib-cetic-ucl:ddolib,org.ddolib.solving.ddo.core.mdd.layered,Node,26,45,0,0,2,14,1,3,1,3
io.github.ddolib-cetic-ucl:ddolib,org.ddolib.solving.ddo.core.mdd.layered,LinkedDecisionDiagram.PathInfo,0,12,0,0,0,1,0,1,0,1
io.github.ddolib-cetic-ucl:ddolib,org.ddolib.solving.ddo.core.mdd.layered,LinkedDecisionDiagram.new Comparable() {...},0,15,0,0,0,2,0,2,0,2
io.github.ddolib-cetic-ucl:ddolib,org.ddolib.solving.ddo.core.mdd.layered,NodeSubProblemComparator,0,27,0,2,0,7,0,3,0,2
io.github.ddolib-cetic-ucl:ddolib,org.ddolib.solving.ddo.core.mdd.layered,Edge,21,12,0,0,1,5,1,1,1,1
io.github.ddolib-cetic-ucl:ddolib,org.ddolib.solving.ddo.core.mdd.layered,LinkedDecisionDiagram,209,3057,35,290,40,563,33,174,3,41
io.github.ddolib-cetic-ucl:ddolib,org.ddolib.solving.ddo.core.mdd.layered,NodeSubProblemsAsSubProblemsIterator,0,21,0,0,0,6,0,3,0,3
io.github.ddolib-cetic-ucl:ddolib,org.ddolib.solving.ddo.core.mdd.layered,NodeSubProblem,39,72,1,5,4,16,4,4,3,2
io.github.ddolib-cetic-ucl:ddolib,org.ddolib.solving.ddo.core.mdd.layered,NodeSubProblemsAsStateIterator,0,16,0,0,0,5,0,3,0,3
io.github.ddolib-cetic-ucl:ddolib,org.ddolib.solving.ddo.core.mdd.layered,NodeType,0,15,0,0,0,3,0,1,0,1
io.github.ddolib-cetic-ucl:ddolib,org.ddolib.examples.layered.pdp,PDPRelax,0,72,0,2,0,18,0,4,0,3
io.github.ddolib-cetic-ucl:ddolib,org.ddolib.examples.layered.pdp,PDPSolution,94,0,6,0,18,0,5,0,2,0
io.github.ddolib-cetic-ucl:ddolib,org.ddolib.examples.layered.pdp,PDPProblem,250,661,21,59,39,125,18,43,2,19
io.github.ddolib-cetic-ucl:ddolib,org.ddolib.examples.layered.pdp,PDPRanking,0,5,0,0,0,2,0,2,0,2
io.github.ddolib-cetic-ucl:ddolib,org.ddolib.examples.layered.pdp,PDPState,6,134,0,10,1,23,1,10,1,5
io.github.ddolib-cetic-ucl:ddolib,org.ddolib.examples.layered.pdp,PDPFastLowerBound,0,111,0,12,0,20,0,8,0,2
io.github.ddolib-cetic-ucl:ddolib,org.ddolib.solving.ddo.core.solver.layered,RelaxationSolver,251,0,10,0,57,0,13,0,8,0
io.github.ddolib-cetic-ucl:ddolib,org.ddolib.solving.ddo.core.solver.layered,ExactSolver,57,201,2,6,11,48,4,7,2,5
io.github.ddolib-cetic-ucl:ddolib,org.ddolib.solving.ddo.core.solver.layered,SequentialSolver,100,584,28,52,17,129,22,29,2,9
io.github.ddolib-cetic-ucl:ddolib,org.ddolib.solving.ddo.core.solver.layered,RestrictionSolver,265,0,12,0,61,0,14,0,8,0
io.github.ddolib-cetic-ucl:ddolib,org.ddolib.solving.ddo.core.mdd.nolayer,NoLayerDecisionDiagram.Edge,0,15,0,0,0,6,0,1,0,1
io.github.ddolib-cetic-ucl:ddolib,org.ddolib.solving.ddo.core.mdd.nolayer,NoLayerDecisionDiagram.Node,0,33,0,0,0,10,0,2,0,2
io.github.ddolib-cetic-ucl:ddolib,org.ddolib.solving.ddo.core.mdd.nolayer,NoLayerDecisionDiagram,51,1112,14,128,9,230,15,85,3,26
io.github.ddolib-cetic-ucl:ddolib,org.ddolib.examples.layered.maximumcoverage,MaxCoverDominance,22,0,0,0,7,0,3,0,3,0
io.github.ddolib-cetic-ucl:ddolib,org.ddolib.examples.layered.maximumcoverage,MaxCoverRelax,0,70,0,4,0,20,0,5,0,3
io.github.ddolib-cetic-ucl:ddolib,org.ddolib.examples.layered.maximumcoverage,MaxCoverProblem,354,380,29,33,65,86,24,27,7,13
io.github.ddolib-cetic-ucl:ddolib,org.ddolib.examples.layered.maximumcoverage,MaxCoverDdoMainWithCluster,34,0,0,0,10,0,3,0,3,0
io.github.ddolib-cetic-ucl:ddolib,org.ddolib.examples.layered.maximumcoverage,MaxCoverDistance,86,0,0,0,14,0,6,0,6,0
io.github.ddolib-cetic-ucl:ddolib,org.ddolib.examples.layered.maximumcoverage,MaxCoverState,0,11,0,0,0,2,0,2,0,2
io.github.ddolib-cetic-ucl:ddolib,org.ddolib.examples.layered.maximumcoverage,MaxCoverDdoMainWithCluster.new DdoModel() {...},50,0,0,0,9,0,9,0,9,0
io.github.ddolib-cetic-ucl:ddolib,org.ddolib.examples.layered.maximumcoverage,MaxCoverRanking,0,11,0,0,0,2,0,2,0,2
io.github.ddolib-cetic-ucl:ddolib,org.ddolib.examples.layered.maximumcoverage,MaxCoverFastLowerBound,0,46,0,4,0,10,0,4,0,2
io.github.ddolib-cetic-ucl:ddolib,org.ddolib.modeling.nolayer,Relaxation,0,2,0,0,0,1,0,1,0,1
io.github.ddolib-cetic-ucl:ddolib,org.ddolib.modeling.nolayer,Model,2,12,0,0,1,4,1,4,1,4
io.github.ddolib-cetic-ucl:ddolib,org.ddolib.modeling.nolayer,DdoModel,27,4,0,0,6,1,9,1,9,1
io.github.ddolib-cetic-ucl:ddolib,org.ddolib.modeling.nolayer,DefaultFastLowerBound,0,5,0,0,0,2,0,2,0,2
io.github.ddolib-cetic-ucl:ddolib,org.ddolib.modeling.nolayer,Solvers,36,54,0,0,6,7,12,13,12,13
io.github.ddolib-cetic-ucl:ddolib,org.ddolib.modeling.nolayer,AcsModel,6,2,0,0,1,1,1,1,1,1
io.github.ddolib-cetic-ucl:ddolib,org.ddolib.modeling.nolayer,Problem,2,0,0,0,1,0,1,0,1,0
io.github.ddolib-cetic-ucl:ddolib,org.ddolib.modeling.nolayer,AcsModel.new AcsModel() {...},36,0,0,0,8,0,8,0,8,0
io.github.ddolib-cetic-ucl:ddolib,org.ddolib.examples.layered.srflp,SRFLPRanking,0,23,0,0,0,4,0,2,0,2
io.github.ddolib-cetic-ucl:ddolib,org.ddolib.examples.layered.srflp,SRFLPFastLowerBound,0,442,2,52,0,80,2,32,0,7
io.github.ddolib-cetic-ucl:ddolib,org.ddolib.examples.layered.srflp,SRFLPFastLowerBound.DepartmentAndLength,0,15,0,0,0,2,0,2,0,2
io.github.ddolib-cetic-ucl:ddolib,org.ddolib.examples.layered.srflp,SRFLPProblem,70,620,9,47,11,100,7,38,1,16
io.github.ddolib-cetic-ucl:ddolib,org.ddolib.examples.layered.srflp,SRFLPState,2,118,2,8,1,9,2,7,0,4
io.github.ddolib-cetic-ucl:ddolib,org.ddolib.examples.layered.srflp,SRFLPRelax,0,127,0,6,0,23,0,6,0,3
io.github.ddolib-cetic-ucl:ddolib,org.ddolib.examples.layered.srflp,SRFLPFastLowerBound.PairAndFlow,23,18,0,0,1,2,1,2,1,2
io.github.ddolib-cetic-ucl:ddolib,org.ddolib.examples.layered.srflp,SRFLPFastLowerBound.CutRatio,0,25,0,0,0,2,0,2,0,2
io.github.ddolib-cetic-ucl:ddolib,org.ddolib.examples.layered.mks,MKSRanking,48,0,2,0,9,0,3,0,2,0
io.github.ddolib-cetic-ucl:ddolib,org.ddolib.examples.layered.mks,MKSDistance,28,0,0,0,5,0,3,0,3,0
io.github.ddolib-cetic-ucl:ddolib,org.ddolib.examples.layered.mks,MKSDominance,29,0,4,0,6,0,5,0,3,0
io.github.ddolib-cetic-ucl:ddolib,org.ddolib.examples.layered.mks,MKSRelax,4,51,1,5,0,10,1,6,0,4
io.github.ddolib-cetic-ucl:ddolib,org.ddolib.examples.layered.mks,MKSState,12,26,1,1,1,8,2,5,1,5
io.github.ddolib-cetic-ucl:ddolib,org.ddolib.examples.layered.mks,MKSProblem.PinReadContext,0,34,0,0,0,10,0,1,0,1
io.github.ddolib-cetic-ucl:ddolib,org.ddolib.examples.layered.mks,MKSProblem,96,451,8,30,16,71,8,25,1,13
io.github.ddolib-cetic-ucl:ddolib,org.ddolib.examples.layered.mks,MKSFastLowerBound,0,32,0,2,0,8,0,3,0,2
io.github.ddolib-cetic-ucl:ddolib,org.ddolib.common.dominance,NoLayerDominanceChecker,0,1,0,0,0,1,0,1,0,1
io.github.ddolib-cetic-ucl:ddolib,org.ddolib.common.dominance,DefaultNoLayerDominanceChecker,0,5,0,0,0,2,0,2,0,2
io.github.ddolib-cetic-ucl:ddolib,org.ddolib.common.dominance,DominanceChecker,0,7,0,0,0,4,0,2,0,2
io.github.ddolib-cetic-ucl:ddolib,org.ddolib.common.dominance,DefaultDominanceChecker,0,8,0,0,0,3,0,2,0,2
io.github.ddolib-cetic-ucl:ddolib,org.ddolib.common.dominance,SimpleDominanceChecker,0,147,0,20,0,29,0,14,0,4
io.github.ddolib-cetic-ucl:ddolib,org.ddolib.common.dominance,SimpleDominanceChecker.ValueState,15,35,0,2,1,10,1,4,1,3
io.github.ddolib-cetic-ucl:ddolib,org.ddolib.common.dominance,DefaultDominanceChecker.new Dominance() {...},4,3,0,0,2,1,2,1,2,1
io.github.ddolib-cetic-ucl:ddolib,org.ddolib.examples.layered.mcp,MCPRelax,0,138,0,14,0,22,0,10,0,3
io.github.ddolib-cetic-ucl:ddolib,org.ddolib.examples.layered.mcp,MCPFastLowerBound,0,158,0,18,0,29,0,15,0,6
io.github.ddolib-cetic-ucl:ddolib,org.ddolib.examples.layered.mcp,MCPRanking,0,33,0,2,0,6,0,4,0,3
io.github.ddolib-cetic-ucl:ddolib,org.ddolib.examples.layered.mcp,MCPState,0,13,0,0,0,2,0,2,0,2
io.github.ddolib-cetic-ucl:ddolib,org.ddolib.examples.layered.mcp,Graph,29,45,0,2,5,10,3,5,3,4
io.github.ddolib-cetic-ucl:ddolib,org.ddolib.examples.layered.mcp,MCPProblem,59,487,2,42,9,79,4,36,2,16
io.github.ddolib-cetic-ucl:ddolib,org.ddolib.examples.layered.mcp,NaiveMCPSolver,177,0,14,0,34,0,14,0,7,0
io.github.ddolib-cetic-ucl:ddolib,org.ddolib.examples.nolayer.gruler,GRState,30,92,3,7,3,14,5,10,2,8
io.github.ddolib-cetic-ucl:ddolib,org.ddolib.examples.nolayer.gruler,GRProblem,63,255,3,21,6,42,3,18,0,9
io.github.ddolib-cetic-ucl:ddolib,org.ddolib.examples.nolayer.gruler,GRModel,0,45,0,6,0,15,0,7,0,4
io.github.ddolib-cetic-ucl:ddolib,org.ddolib.examples.nolayer.gruler,GRDdoModel,4,0,0,0,2,0,1,0,1,0
io.github.ddolib-cetic-ucl:ddolib,org.ddolib.examples.layered.boundedknapsack,BKSRanking,9,0,0,0,2,0,2,0,2,0
io.github.ddolib-cetic-ucl:ddolib,org.ddolib.examples.layered.boundedknapsack,BKSRelax,23,0,2,0,9,0,4,0,3,0
io.github.ddolib-cetic-ucl:ddolib,org.ddolib.examples.layered.boundedknapsack,BKSDominance,0,15,0,2,0,3,0,4,0,3
io.github.ddolib-cetic-ucl:ddolib,org.ddolib.examples.layered.boundedknapsack,BKSFastLowerBound.new Comparator() {...},0,18,0,0,0,2,0,2,0,2
io.github.ddolib-cetic-ucl:ddolib,org.ddolib.examples.layered.boundedknapsack,BKSFastLowerBound,0,122,0,6,0,21,0,5,0,2
io.github.ddolib-cetic-ucl:ddolib,org.ddolib.examples.layered.boundedknapsack,BKSProblem,206,203,9,12,31,42,10,12,2,8
io.github.ddolib-cetic-ucl:ddolib,org.ddolib.examples.layered.boundedknapsack,BKSProblem.InstanceType,0,27,0,0,0,5,0,1,0,1
io.github.ddolib-cetic-ucl:ddolib,org.ddolib.examples.layered.tsptw,TSPTWFastLowerBound,0,276,0,26,0,48,0,17,0,4
io.github.ddolib-cetic-ucl:ddolib,org.ddolib.examples.layered.tsptw,TSPTWRelax,12,104,1,3,1,22,1,4,0,3
io.github.ddolib-cetic-ucl:ddolib,org.ddolib.examples.layered.tsptw,TSPTWState,0,50,0,0,0,4,0,2,0,2
io.github.ddolib-cetic-ucl:ddolib,org.ddolib.examples.layered.tsptw,TSPTWRanking,0,12,0,0,0,2,0,2,0,2
io.github.ddolib-cetic-ucl:ddolib,org.ddolib.examples.layered.tsptw,VirtualNodes,0,10,0,0,0,2,0,2,0,2
io.github.ddolib-cetic-ucl:ddolib,org.ddolib.examples.layered.tsptw,TSPTWWidth,20,0,0,0,5,0,2,0,2,0
io.github.ddolib-cetic-ucl:ddolib,org.ddolib.examples.layered.tsptw,TSPTWProblem,56,583,7,33,8,98,7,31,0,18
io.github.ddolib-cetic-ucl:ddolib,org.ddolib.examples.layered.tsptw,TSPTWDominanceKey,15,9,0,0,1,1,1,1,1,1
io.github.ddolib-cetic-ucl:ddolib,org.ddolib.examples.layered.tsptw,TimeWindow,0,9,0,0,0,1,0,1,0,1
io.github.ddolib-cetic-ucl:ddolib,org.ddolib.examples.layered.tsptw,TSPNode,0,10,0,0,0,2,0,2,0,2
io.github.ddolib-cetic-ucl:ddolib,org.ddolib.examples.layered.tsptw,TSPTWDominance,0,20,0,2,0,3,0,4,0,3
io.github.ddolib-cetic-ucl:ddolib,org.ddolib.examples.layered.max2sat,Max2SatRelax,32,110,6,8,2,20,4,6,0,3
io.github.ddolib-cetic-ucl:ddolib,org.ddolib.examples.layered.max2sat,Max2SatState,0,13,0,0,0,2,0,2,0,2
io.github.ddolib-cetic-ucl:ddolib,org.ddolib.examples.layered.max2sat,Max2SatFastLowerBound,0,303,0,10,0,36,0,9,0,4
io.github.ddolib-cetic-ucl:ddolib,org.ddolib.examples.layered.max2sat,Max2SatProblem,34,588,1,25,7,81,2,28,1,16
io.github.ddolib-cetic-ucl:ddolib,org.ddolib.examples.layered.max2sat,NaiveMax2SatSolver,168,0,10,0,32,0,11,0,6,0
io.github.ddolib-cetic-ucl:ddolib,org.ddolib.examples.layered.max2sat,Max2SatRanking,0,33,0,2,0,6,0,4,0,3
io.github.ddolib-cetic-ucl:ddolib,org.ddolib.examples.layered.max2sat,BinaryClause,81,71,12,10,13,10,11,7,3,4
io.github.ddolib-cetic-ucl:ddolib,org.ddolib.modeling.layered,DdoModel.new ExactModel() {...},34,0,0,0,8,0,8,0,8,0
io.github.ddolib-cetic-ucl:ddolib,org.ddolib.modeling.layered,DdoModel.new DdoModel() {...},59,0,0,0,14,0,14,0,14,0
io.github.ddolib-cetic-ucl:ddolib,org.ddolib.modeling.layered,DdoModel.new DdoModel() {...},4,50,0,0,1,12,1,12,1,12
io.github.ddolib-cetic-ucl:ddolib,org.ddolib.modeling.layered,DdoModel.new DdoModel() {...},4,56,0,0,1,13,1,13,1,13
io.github.ddolib-cetic-ucl:ddolib,org.ddolib.modeling.layered,DdoModel.new DdoModel() {...},4,61,0,0,1,13,1,13,1,13
io.github.ddolib-cetic-ucl:ddolib,org.ddolib.modeling.layered,DdoModel.new DdoModel() {...},4,59,0,0,1,13,1,13,1,13
io.github.ddolib-cetic-ucl:ddolib,org.ddolib.modeling.layered,LnsModel.new LnsModel() {...},56,0,0,0,13,0,13,0,13,0
io.github.ddolib-cetic-ucl:ddolib,org.ddolib.modeling.layered,LnsModel.new LnsModel() {...},52,0,0,0,12,0,12,0,12,0
io.github.ddolib-cetic-ucl:ddolib,org.ddolib.modeling.layered,LnsModel.new LnsModel() {...},51,0,0,0,11,0,11,0,11,0
io.github.ddolib-cetic-ucl:ddolib,org.ddolib.modeling.layered,Model,5,23,0,0,1,7,1,7,1,7
io.github.ddolib-cetic-ucl:ddolib,org.ddolib.modeling.layered,Model.new Model() {...},0,26,0,0,0,6,0,6,0,6
io.github.ddolib-cetic-ucl:ddolib,org.ddolib.modeling.layered,Model.new Model() {...},26,0,0,0,6,0,6,0,6,0
io.github.ddolib-cetic-ucl:ddolib,org.ddolib.modeling.layered,LnsModel,31,15,0,0,6,5,8,6,8,6
io.github.ddolib-cetic-ucl:ddolib,org.ddolib.modeling.layered,DdoModel,16,57,0,0,4,11,5,14,5,14
io.github.ddolib-cetic-ucl:ddolib,org.ddolib.modeling.layered,AcsModel.new AcsModel() {...},30,0,0,0,7,0,7,0,7,0
io.github.ddolib-cetic-ucl:ddolib,org.ddolib.modeling.layered,AcsModel.new AcsModel() {...},0,30,0,0,0,7,0,7,0,7
io.github.ddolib-cetic-ucl:ddolib,org.ddolib.modeling.layered,AcsModel.new AcsModel() {...},0,36,0,0,0,8,0,8,0,8
io.github.ddolib-cetic-ucl:ddolib,org.ddolib.modeling.layered,ExactModel,18,13,0,0,6,4,6,4,6,4
io.github.ddolib-cetic-ucl:ddolib,org.ddolib.modeling.layered,Problem,2,0,0,0,1,0,1,0,1,0
io.github.ddolib-cetic-ucl:ddolib,org.ddolib.modeling.layered,Solvers,114,115,0,0,25,20,31,29,31,29
io.github.ddolib-cetic-ucl:ddolib,org.ddolib.modeling.layered,AcsModel,5,13,0,0,1,3,1,3,1,3
io.github.ddolib-cetic-ucl:ddolib,org.ddolib.modeling.layered,DefaultFastLowerBound,0,10,0,2,0,3,0,3,0,2
io.github.ddolib-cetic-ucl:ddolib,org.ddolib.modeling.layered,AwAstarModel,6,2,0,0,1,1,1,1,1,1
io.github.ddolib-cetic-ucl:ddolib,org.ddolib.modeling.layered,AwAstarModel.new AwAstarModel() {...},36,0,0,0,8,0,8,0,8,0
io.github.ddolib-cetic-ucl:ddolib,org.ddolib.modeling.layered,ExactModel.DummyRelaxation,4,0,0,0,2,0,2,0,2,0
io.github.ddolib-cetic-ucl:ddolib,org.ddolib.examples.layered.alp,ALPProblem,136,723,4,46,24,121,5,36,1,15
io.github.ddolib-cetic-ucl:ddolib,org.ddolib.examples.layered.alp,ALPState,2,106,2,8,0,18,2,8,0,5
io.github.ddolib-cetic-ucl:ddolib,org.ddolib.examples.layered.alp,ALPRanking,0,57,0,2,0,8,0,5,0,4
io.github.ddolib-cetic-ucl:ddolib,org.ddolib.examples.layered.alp,ALPRelax,0,83,0,6,0,16,0,6,0,3
io.github.ddolib-cetic-ucl:ddolib,org.ddolib.examples.layered.alp,ALPSolution,39,82,0,2,2,15,2,3,2,2
io.github.ddolib-cetic-ucl:ddolib,org.ddolib.examples.layered.alp,RunwayState,8,66,2,6,1,13,3,7,1,5
io.github.ddolib-cetic-ucl:ddolib,org.ddolib.examples.layered.alp,ALPDecision,42,9,8,0,4,4,6,1,2,1
io.github.ddolib-cetic-ucl:ddolib,org.ddolib.examples.layered.alp,ALPSchedule,0,15,0,0,0,1,0,1,0,1
io.github.ddolib-cetic-ucl:ddolib,org.ddolib.examples.layered.alp,ALPFastLowerBound,0,94,0,10,0,16,0,7,0,2
io.github.ddolib-cetic-ucl:ddolib,org.ddolib.examples.nolayer.knapsack,KSProblem,26,299,4,20,3,65,4,19,0,11
io.github.ddolib-cetic-ucl:ddolib,org.ddolib.examples.nolayer.knapsack,KSDdoModel,4,0,0,0,2,0,1,0,1,0
io.github.ddolib-cetic-ucl:ddolib,org.ddolib.examples.nolayer.knapsack,KSModel,0,80,0,6,0,17,0,7,0,4
io.github.ddolib-cetic-ucl:ddolib,org.ddolib.examples.nolayer.knapsack,KSState,17,9,0,0,1,1,1,1,1,1
io.github.ddolib-cetic-ucl:ddolib,org.ddolib.solving.lns.core.solver.layered,LnsSolver,128,623,26,42,26,144,22,24,3,9
io.github.ddolib-cetic-ucl:ddolib,org.ddolib.examples.nolayer.tsptw,TSPTWDdoModel,4,0,0,0,2,0,1,0,1,0
io.github.ddolib-cetic-ucl:ddolib,org.ddolib.examples.nolayer.tsptw,TSPTWProblem,56,405,7,31,8,70,7,26,0,14
io.github.ddolib-cetic-ucl:ddolib,org.ddolib.examples.nolayer.tsptw,TimeWindow,0,9,0,0,0,1,0,1,0,1
io.github.ddolib-cetic-ucl:ddolib,org.ddolib.examples.nolayer.tsptw,TSPTWState,22,16,0,0,1,3,1,1,1,1
io.github.ddolib-cetic-ucl:ddolib,org.ddolib.examples.nolayer.tsptw,TSPTWModel,0,92,0,12,0,21,0,10,0,4
io.github.ddolib-cetic-ucl:ddolib,org.ddolib.solving.ddo.core.heuristics.cluster.nolayer,CostBased,0,137,2,8,0,20,2,6,0,3
io.github.ddolib-cetic-ucl:ddolib,org.ddolib.examples.layered.gruler,GRState,6,96,3,5,2,13,4,9,1,8
io.github.ddolib-cetic-ucl:ddolib,org.ddolib.examples.layered.gruler,GRRelax,0,50,0,2,0,13,0,4,0,3
io.github.ddolib-cetic-ucl:ddolib,org.ddolib.examples.layered.gruler,GRFastLowerBound,0,29,0,6,0,10,0,5,0,2
io.github.ddolib-cetic-ucl:ddolib,org.ddolib.examples.layered.gruler,GRRanking,0,9,0,0,0,2,0,2,0,2
io.github.ddolib-cetic-ucl:ddolib,org.ddolib.examples.layered.gruler,GRProblem,70,272,5,15,6,50,5,19,0,14
io.github.ddolib-cetic-ucl:ddolib,org.ddolib.util.debug,DebugLevel,0,21,0,0,0,4,0,1,0,1
io.github.ddolib-cetic-ucl:ddolib,org.ddolib.util.debug,DebugUtil,49,178,4,8,12,32,5,8,2,5
io.github.ddolib-cetic-ucl:ddolib,org.ddolib.examples.layered.msct,MSCTProblem,73,265,5,11,14,56,5,16,1,12
io.github.ddolib-cetic-ucl:ddolib,org.ddolib.examples.layered.msct,MSCTFastLowerBound,0,42,0,2,0,8,0,3,0,2
io.github.ddolib-cetic-ucl:ddolib,org.ddolib.examples.layered.msct,MSCTRelax,0,38,0,2,0,12,0,4,0,3
io.github.ddolib-cetic-ucl:ddolib,org.ddolib.examples.layered.msct,MSCTRanking,0,9,0,0,0,2,0,2,0,2
io.github.ddolib-cetic-ucl:ddolib,org.ddolib.examples.layered.msct,MSCTGenerator.MSCTData,9,0,0,0,1,0,1,0,1,0
io.github.ddolib-cetic-ucl:ddolib,org.ddolib.examples.layered.msct,MSCTDominance,0,21,0,4,0,5,0,5,0,3
io.github.ddolib-cetic-ucl:ddolib,org.ddolib.examples.layered.msct,MSCTState,0,17,0,0,0,2,0,2,0,2
io.github.ddolib-cetic-ucl:ddolib,org.ddolib.solving.ddo.core.frontier,SimpleFrontier,4,43,0,0,1,12,1,7,1,7
io.github.ddolib-cetic-ucl:ddolib,org.ddolib.solving.ddo.core.frontier,SimpleFrontier.SubProblemComparator,0,31,0,2,0,7,0,3,0,2
io.github.ddolib-cetic-ucl:ddolib,org.ddolib.solving.ddo.core.frontier,Frontier,0,7,0,2,0,1,0,2,0,1
io.github.ddolib-cetic-ucl:ddolib,org.ddolib.solving.ddo.core.frontier,CutSetType,0,15,0,0,0,3,0,1,0,1
io.github.ddolib-cetic-ucl:ddolib,org.ddolib.solving.ddo.core.heuristics.cluster.layered,StateDistance,4,0,0,0,2,0,2,0,2,0
io.github.ddolib-cetic-ucl:ddolib,org.ddolib.solving.ddo.core.heuristics.cluster.layered,CostBased,0,83,0,4,0,13,0,4,0,2
io.github.ddolib-cetic-ucl:ddolib,org.ddolib.solving.ddo.core.heuristics.cluster.layered,CostBased.NodeSubroblemComparator,0,29,1,3,0,7,1,3,0,2
io.github.ddolib-cetic-ucl:ddolib,org.ddolib.solving.ddo.core.heuristics.cluster.layered,GHP.ClusterNode,4,35,0,2,1,9,1,3,1,2
io.github.ddolib-cetic-ucl:ddolib,org.ddolib.solving.ddo.core.heuristics.cluster.layered,GHP,14,333,2,30,4,73,3,19,1,5
io.github.ddolib-cetic-ucl:ddolib,org.ddolib.solving.ddo.core.heuristics.cluster.layered,Hybrid,5,97,0,4,2,18,1,5,1,3
io.github.ddolib-cetic-ucl:ddolib,org.ddolib.solving.ddo.core.heuristics.cluster.layered,RandomBased,50,0,2,0,12,0,4,0,3,0
io.github.ddolib-cetic-ucl:ddolib,org.ddolib.solving.ddo.core.compilation.layered,CompilationConfig,20,148,0,0,1,42,1,2,1,2
io.github.ddolib-cetic-ucl:ddolib,org.ddolib.solving.ddo.core.heuristics.variable.layered,DefaultVariableHeuristic,0,8,0,0,0,2,0,2,0,2
io.github.ddolib-cetic-ucl:ddolib,org.ddolib.solving.astar.core.solver.nolayer,SubProblem,0,34,0,0,0,11,0,6,0,6
io.github.ddolib-cetic-ucl:ddolib,org.ddolib.solving.astar.core.solver.nolayer,AStarSolver,42,484,9,41,10,87,9,24,0,8
io.github.ddolib-cetic-ucl:ddolib,org.ddolib.util,TSPLowerBound,3,138,1,17,1,34,2,11,1,3
io.github.ddolib-cetic-ucl:ddolib,org.ddolib.util,DistanceUtil,178,0,14,0,38,0,14,0,7,0
io.github.ddolib-cetic-ucl:ddolib,org.ddolib.util,SolverUtil,3,20,0,2,1,4,1,2,1,1
io.github.ddolib-cetic-ucl:ddolib,org.ddolib.util,StateAndDepth,0,9,0,0,0,1,0,1,0,1
io.github.ddolib-cetic-ucl:ddolib,org.ddolib.util,MathUtil,6,31,2,6,1,8,3,4,1,2
io.github.ddolib-cetic-ucl:ddolib,org.ddolib.examples.layered.pigmentscheduling,PSProblem,54,582,3,53,13,87,5,39,2,14
io.github.ddolib-cetic-ucl:ddolib,org.ddolib.examples.layered.pigmentscheduling,PSFastLowerBound,0,143,0,14,0,27,0,11,0,4
io.github.ddolib-cetic-ucl:ddolib,org.ddolib.examples.layered.pigmentscheduling,PSRanking,14,3,0,0,3,1,1,1,1,1
io.github.ddolib-cetic-ucl:ddolib,org.ddolib.examples.layered.pigmentscheduling,PSState,2,98,2,6,1,11,2,7,0,5
io.github.ddolib-cetic-ucl:ddolib,org.ddolib.examples.layered.pigmentscheduling,PSRelax,163,81,25,11,26,17,15,9,2,4
io.github.ddolib-cetic-ucl:ddolib,org.ddolib.examples.layered.pigmentscheduling,PSFastLowerBound.ItemDemand,0,9,0,0,0,1,0,1,0,1
io.github.ddolib-cetic-ucl:ddolib,org.ddolib.solving.ddo.core,SubProblem,85,58,1,5,5,14,4,10,3,8
io.github.ddolib-cetic-ucl:ddolib,org.ddolib.solving.ddo.core,Decision,0,9,0,0,0,1,0,1,0,1
io.github.ddolib-cetic-ucl:ddolib,org.ddolib.examples.layered.tsp,TSPState,0,76,0,6,0,14,0,8,0,5
io.github.ddolib-cetic-ucl:ddolib,org.ddolib.examples.layered.tsp,TSPFastLowerBound,0,111,0,12,0,20,0,8,0,2
io.github.ddolib-cetic-ucl:ddolib,org.ddolib.examples.layered.tsp,TSPRelax,0,44,0,2,0,12,0,4,0,3
io.github.ddolib-cetic-ucl:ddolib,org.ddolib.examples.layered.tsp,TSPProblem,55,370,4,18,11,74,5,25,1,18
io.github.ddolib-cetic-ucl:ddolib,org.ddolib.examples.layered.tsp,TSPRanking,0,5,0,0,0,2,0,2,0,2
io.github.ddolib-cetic-ucl:ddolib,org.ddolib.solving.astar.core.solver.layered,AStarSolver.new Model() {...},0,18,0,0,0,4,0,4,0,4
io.github.ddolib-cetic-ucl:ddolib,org.ddolib.solving.astar.core.solver.layered,AStarSolver,22,721,8,52,3,131,8,33,0,11
io.github.ddolib-cetic-ucl:ddolib,org.ddolib.solving.awastar.core.solver.layered,AwAstarSolver.new AwAstarModel() {...},0,22,0,0,0,5,0,5,0,5
io.github.ddolib-cetic-ucl:ddolib,org.ddolib.solving.awastar.core.solver.layered,AwAstarSolver,21,786,6,46,3,138,6,34,0,14
io.github.ddolib-cetic-ucl:ddolib,org.ddolib.examples.nolayer.misp,MispModel,31,13,2,0,7,5,3,2,2,2
io.github.ddolib-cetic-ucl:ddolib,org.ddolib.examples.nolayer.misp,MispProblem,25,326,3,29,3,61,3,25,0,12
io.github.ddolib-cetic-ucl:ddolib,org.ddolib.examples.nolayer.misp,MispNoLayerDominanceChecker.Entry,0,11,0,0,0,4,0,1,0,1
io.github.ddolib-cetic-ucl:ddolib,org.ddolib.examples.nolayer.misp,MispNoLayerDominanceChecker,44,116,11,13,13,23,7,10,0,5
io.github.ddolib-cetic-ucl:ddolib,org.ddolib.examples.nolayer.misp,MispDdoModel,4,0,0,0,2,0,1,0,1,0
io.github.ddolib-cetic-ucl:ddolib,org.ddolib.examples.nolayer.misp,MispState,10,10,0,0,1,3,1,1,1,1
